2018-02-24 11:53:44,176 root         INFO     Start Processing - nyc-tlc/trip data/yellow_tripdata_2009-01.csv
2018-02-24 11:53:44,177 root         INFO     Started Downloading nyc-tlc/trip data/yellow_tripdata_2009-01.csv --> raw-data/yellow_tripdata_2009-01.csv
2018-02-24 11:54:20,619 root         INFO     Finished Downloading nyc-tlc/trip data/yellow_tripdata_2009-01.csv --> raw-data/yellow_tripdata_2009-01.csv
2018-02-24 11:54:20,934 root         INFO     Generated sample file to be cleansed sampled-data/yellow_tripdata_2009-01.csv.tocleanse
2018-02-24 11:54:21,027 root         INFO     Generated cleansed sample file sampled-data/yellow_tripdata_2009-01.csv
2018-02-24 11:54:21,027 root         INFO     Started uploading sampled-data/yellow_tripdata_2009-01.csv --> indu-s-bhagavatula-us-east-1/git/redshift/bad-interleaved-sk/cleansed-sampled/yellow_tripdata_2009-01.csv
2018-02-24 11:54:21,147 root         INFO     Finished uploading sampled-data/yellow_tripdata_2009-01.csv --> indu-s-bhagavatula-us-east-1/git/redshift/bad-interleaved-sk/cleansed-sampled/yellow_tripdata_2009-01.csv
2018-02-24 11:54:22,306 root         INFO     Removed sample cleansed file sampled-data/yellow_tripdata_2009-01.csv
2018-02-24 11:54:22,307 root         INFO     Removed sample file to be cleansed - sampled-data/yellow_tripdata_2009-01.csv.tocleanse
2018-02-24 11:54:22,562 root         INFO     Removed the downloaded from S3 - nyc-tlc/trip data/yellow_tripdata_2009-01.csv
2018-02-24 11:54:22,562 root         INFO     Finished Processing - nyc-tlc/trip data/yellow_tripdata_2009-01.csv
2018-02-24 11:54:22,562 root         INFO     Start Processing - nyc-tlc/trip data/yellow_tripdata_2009-02.csv
2018-02-24 11:54:22,562 root         INFO     Started Downloading nyc-tlc/trip data/yellow_tripdata_2009-02.csv --> raw-data/yellow_tripdata_2009-02.csv
2018-02-24 11:54:57,056 root         INFO     Finished Downloading nyc-tlc/trip data/yellow_tripdata_2009-02.csv --> raw-data/yellow_tripdata_2009-02.csv
2018-02-24 11:54:57,488 root         INFO     Generated sample file to be cleansed sampled-data/yellow_tripdata_2009-02.csv.tocleanse
2018-02-24 11:54:57,582 root         INFO     Generated cleansed sample file sampled-data/yellow_tripdata_2009-02.csv
2018-02-24 11:54:57,583 root         INFO     Started uploading sampled-data/yellow_tripdata_2009-02.csv --> indu-s-bhagavatula-us-east-1/git/redshift/bad-interleaved-sk/cleansed-sampled/yellow_tripdata_2009-02.csv
2018-02-24 11:54:57,702 root         INFO     Finished uploading sampled-data/yellow_tripdata_2009-02.csv --> indu-s-bhagavatula-us-east-1/git/redshift/bad-interleaved-sk/cleansed-sampled/yellow_tripdata_2009-02.csv
2018-02-24 11:54:57,702 root         INFO     Removed sample cleansed file sampled-data/yellow_tripdata_2009-02.csv
2018-02-24 11:54:57,702 root         INFO     Removed sample file to be cleansed - sampled-data/yellow_tripdata_2009-02.csv.tocleanse
2018-02-24 11:54:58,437 root         INFO     Removed the downloaded from S3 - nyc-tlc/trip data/yellow_tripdata_2009-02.csv
2018-02-24 11:54:58,437 root         INFO     Finished Processing - nyc-tlc/trip data/yellow_tripdata_2009-02.csv
